<?xml version="1.0" encoding="UTF-8"?>
<testsuite name="Registration into the application" tests="1" skipped="0" failures="1" errors="0" timestamp="2020-10-18T23:04:24" hostname="miller-IP5" time="0.032">
  <properties/>
  <testcase name="Complete registration" classname="Registration into the application" time="0.032">
    <failure message="java.lang.IllegalArgumentException: Could not find a matching constructor for class class starter.registration.FillingRegistration with parameters [otro_usuario@automation.com, 1, roger, waters, roger_pass, 2, true,  true, cra 10, calle 20, Montgomery, Alabama, 12345, United States, cero, 347-5683290, 696-5431278]" type="java.lang.IllegalArgumentException">java.lang.IllegalArgumentException: Could not find a matching constructor for class class starter.registration.FillingRegistration with parameters [otro_usuario@automation.com, 1, roger, waters, roger_pass, 2, true,  true, cra 10, calle 20, Montgomery, Alabama, 12345, United States, cero, 347-5683290, 696-5431278]
	at net.thucydides.core.steps.StepFactory.argumentTypesFrom(StepFactory.java:269)
	at net.thucydides.core.steps.StepFactory.immutableStepLibrary(StepFactory.java:259)
	at net.thucydides.core.steps.StepFactory.createProxyStepLibrary(StepFactory.java:223)
	at net.thucydides.core.steps.StepFactory.instantiateUniqueStepLibraryFor(StepFactory.java:194)
	at net.thucydides.core.steps.StepFactory.getUniqueStepLibraryFor(StepFactory.java:130)
	at net.serenitybdd.screenplay.Tasks.instrumented(Tasks.java:12)
	at starter.registration.FillingRegistration.withCredentials(FillingRegistration.java:71)
	at starter.stepdefinitions.RegistrationCompletedStepDefinitions.he_has_access_to_the_form(RegistrationCompletedStepDefinitions.java:38)
	at ✽.he has access to the form(file:src/test/resources/features/registration/registration_completed.feature:5)
</failure>
  </testcase>
  <system-out><![CDATA[
Feature: Registration into the application

  Scenario: Complete registration             ?[90m# src/test/resources/features/registration/registration_completed.feature:3?[0m
18:04:24.677 [Test worker] INFO   - 
 _____ _____ ____ _____   ____ _____  _    ____ _____ _____ ____  
|_   _| ____/ ___|_   _| / ___|_   _|/ \  |  _ \_   _| ____|  _ \ 
  | | |  _| \___ \ | |   \___ \ | | / _ \ | |_) || | |  _| | | | |
  | | | |___ ___) || |    ___) || |/ ___ \|  _ < | | | |___| |_| |
  |_| |_____|____/ |_|   |____/ |_/_/   \_\_| \_\|_| |_____|____/ 

Complete registration(registration-into-the-application;complete-registration)
-------------------------------------------------------------------
    ?[32mGiven ?[0m?[32m?[0m?[32m?[1muser?[0m?[32m wants to complete registration?[0m ?[90m# RegistrationCompletedStepDefinitions.user_wants_to_complete_registration(String)?[0m
    ?[31mWhen ?[0m?[31mhe has access to the form?[0m            ?[90m# RegistrationCompletedStepDefinitions.he_has_access_to_the_form()?[0m
      ?[31mjava.lang.IllegalArgumentException: Could not find a matching constructor for class class starter.registration.FillingRegistration with parameters [otro_usuario@automation.com, 1, roger, waters, roger_pass, 2, true,  true, cra 10, calle 20, Montgomery, Alabama, 12345, United States, cero, 347-5683290, 696-5431278]
	at net.thucydides.core.steps.StepFactory.argumentTypesFrom(StepFactory.java:269)
	at net.thucydides.core.steps.StepFactory.immutableStepLibrary(StepFactory.java:259)
	at net.thucydides.core.steps.StepFactory.createProxyStepLibrary(StepFactory.java:223)
	at net.thucydides.core.steps.StepFactory.instantiateUniqueStepLibraryFor(StepFactory.java:194)
	at net.thucydides.core.steps.StepFactory.getUniqueStepLibraryFor(StepFactory.java:130)
	at net.serenitybdd.screenplay.Tasks.instrumented(Tasks.java:12)
	at starter.registration.FillingRegistration.withCredentials(FillingRegistration.java:71)
	at starter.stepdefinitions.RegistrationCompletedStepDefinitions.he_has_access_to_the_form(RegistrationCompletedStepDefinitions.java:38)
	at ✽.he has access to the form(file:src/test/resources/features/registration/registration_completed.feature:5)
?[0m
    ?[36mThen ?[0m?[36mhe completes registration?[0m            ?[90m# RegistrationCompletedStepDefinitions.he_completes_registration()?[0m
]]></system-out>
  <system-err><![CDATA[]]></system-err>
</testsuite>
